[10:39:21] [ServerMain/WARN]: resource-pack-id missing, using default of aa38168f-4ad8-3ac9-92df-a7737c16a196
[10:39:21] [ServerMain/INFO]: Environment: Environment[sessionHost=https://sessionserver.mojang.com, servicesHost=https://api.minecraftservices.com, name=PROD]
[10:39:23] [ServerMain/INFO]: Loaded 1174 recipes
[10:39:24] [ServerMain/INFO]: Loaded 1291 advancements
[10:39:24] [Server thread/INFO]: Starting minecraft server version 1.20.4
[10:39:24] [Server thread/INFO]: Loading properties
[10:39:24] [Server thread/INFO]: This server is running Paper version git-Paper-497 (MC: 1.20.4) (Implementing API version 1.20.4-R0.1-SNAPSHOT) (Git: d8d54d9 on ver/1.20.4)
[10:39:25] [Server thread/INFO]: Server Ping Player Sample Count: 12
[10:39:25] [Server thread/INFO]: Using 4 threads for Netty based IO
[10:39:25] [Server thread/WARN]: [!] The timings profiler has been enabled but has been scheduled for removal from Paper in the future.
    We recommend installing the spark profiler as a replacement: https://spark.lucko.me/
    For more information please visit: https://github.com/PaperMC/Paper/issues/8948
[10:39:25] [Server thread/INFO]: [ChunkTaskScheduler] Chunk system is using 1 I/O threads, 1 worker threads, and gen parallelism of 1 threads
[10:39:25] [Server thread/INFO]: Default game type: SURVIVAL
[10:39:25] [Server thread/INFO]: Generating keypair
[10:39:26] [Server thread/INFO]: Starting Minecraft server on *:25565
[10:39:26] [Server thread/INFO]: Using epoll channel type
[10:39:26] [Server thread/INFO]: Paper: Using libdeflate (Linux x86_64) compression from Velocity.
[10:39:26] [Server thread/INFO]: Paper: Using OpenSSL 1.1.x (Linux x86_64) cipher from Velocity.
[10:39:27] [Server thread/INFO]: [SpigotLibraryLoader] [NexEngine] Loading 2 libraries... please wait
[10:39:27] [Server thread/INFO]: [SpigotLibraryLoader] [NexEngine] Loaded library /workspaces/SERVERasw/libraries/com/zaxxer/HikariCP/5.0.1/HikariCP-5.0.1.jar
[10:39:27] [Server thread/INFO]: [SpigotLibraryLoader] [NexEngine] Loaded library /workspaces/SERVERasw/libraries/org/slf4j/slf4j-api/2.0.0-alpha1/slf4j-api-2.0.0-alpha1.jar
[10:39:27] [Server thread/INFO]: [SpigotLibraryLoader] [NexEngine] Loaded library /workspaces/SERVERasw/libraries/it/unimi/dsi/fastutil/8.5.11/fastutil-8.5.11.jar
[10:39:27] [Server thread/INFO]: [SpigotLibraryLoader] [AntiPopup] Loading 1 libraries... please wait
[10:39:27] [Server thread/INFO]: [SpigotLibraryLoader] [AntiPopup] Loaded library /workspaces/SERVERasw/libraries/dev/dejvokep/boosted-yaml-spigot/1.3/boosted-yaml-spigot-1.3.jar
[10:39:27] [Server thread/INFO]: [SpigotLibraryLoader] [CrazyCrates] Loading 1 libraries... please wait
[10:39:27] [Server thread/INFO]: [SpigotLibraryLoader] [CrazyCrates] Loaded library /workspaces/SERVERasw/libraries/net/kyori/adventure-api/4.14.0/adventure-api-4.14.0.jar
[10:39:27] [Server thread/INFO]: [SpigotLibraryLoader] [CrazyCrates] Loaded library /workspaces/SERVERasw/libraries/net/kyori/adventure-key/4.14.0/adventure-key-4.14.0.jar
[10:39:27] [Server thread/INFO]: [SpigotLibraryLoader] [CrazyCrates] Loaded library /workspaces/SERVERasw/libraries/net/kyori/examination-api/1.3.0/examination-api-1.3.0.jar
[10:39:27] [Server thread/INFO]: [SpigotLibraryLoader] [CrazyCrates] Loaded library /workspaces/SERVERasw/libraries/net/kyori/examination-string/1.3.0/examination-string-1.3.0.jar
[10:39:27] [Server thread/INFO]: [SpigotLibraryLoader] [CrazyCrates] Loaded library /workspaces/SERVERasw/libraries/org/jetbrains/annotations/24.0.1/annotations-24.0.1.jar
[10:39:27] [Server thread/INFO]: [LuckPerms] Loading server plugin LuckPerms v5.4.108
[10:39:27] [Server thread/INFO]: [Vault] Loading server plugin Vault v1.7.3-b131
[10:39:27] [Server thread/INFO]: [FastAsyncWorldEdit] Loading server plugin FastAsyncWorldEdit v2.9.3-SNAPSHOT-748;1a31f39
[10:39:28] [Server thread/INFO]: Got request to register class com.sk89q.worldedit.bukkit.BukkitServerInterface with WorldEdit [com.sk89q.worldedit.extension.platform.PlatformManager@534efb75]
[10:39:28] [Server thread/INFO]: [WorldGuard] Loading server plugin WorldGuard v7.0.9+5934e49
[10:39:28] [Server thread/INFO]: [Multiverse-Core] Loading server plugin Multiverse-Core v4.3.10
[10:39:28] [Server thread/INFO]: [ProtocolLib] Loading server plugin ProtocolLib v5.2.0-SNAPSHOT-679
[10:39:29] [Server thread/INFO]: [PlaceholderAPI] Loading server plugin PlaceholderAPI v2.11.5
[10:39:29] [Server thread/INFO]: [GriefPrevention] Loading server plugin GriefPrevention v16.18.1
[10:39:29] [Server thread/INFO]: [DecentHolograms] Loading server plugin DecentHolograms v2.8.6
[10:39:29] [Server thread/INFO]: [Skript] Loading server plugin Skript v2.8.5
[10:39:29] [Server thread/INFO]: [Essentials] Loading server plugin Essentials v2.21.0-dev+24-0af4436
[10:39:29] [Server thread/INFO]: [Citizens] Loading server plugin Citizens v2.0.33-SNAPSHOT (build 3391)
[10:39:29] [Server thread/INFO]: [Blue Slime Core] Loading server plugin BlueSlimeCore v2.9.4.402
[10:39:29] [Server thread/INFO]: [NexEngine] Loading server plugin NexEngine v2.2.12
[10:39:29] [Server thread/INFO]: [AuraSkills] Loading server plugin AuraSkills v2.0.6
[10:39:29] [Server thread/INFO]: [BestTools] Loading server plugin BestTools v2.2.1
[10:39:29] [Server thread/INFO]: [AntiPopup] Loading server plugin AntiPopup v7.3
[10:39:30] [Server thread/INFO]: [AntiPopup] Loaded PacketEvents.
[10:39:30] [Server thread/INFO]: [CrazyCrates] Loading server plugin CrazyCrates v1.19.1
[10:39:30] [Server thread/INFO]: [ConsoleSpamFix] Loading server plugin ConsoleSpamFix v1.10.0
[10:39:30] [Server thread/INFO]: [SkBee] Loading server plugin SkBee v3.5.0
[10:39:30] [Server thread/INFO]: [CommandPanels] Loading server plugin CommandPanels v3.20.0.2
[10:39:30] [Server thread/INFO]: [CMILib] Loading server plugin CMILib v1.4.5.2
[10:39:30] [Server thread/INFO]: [ChatManager] Loading server plugin ChatManager v3.7.7
[10:39:30] [Server thread/INFO]: [playit-gg] Loading server plugin playit-gg v0.1.4
[10:39:30] [Server thread/INFO]: [CombatLogX] Loading server plugin CombatLogX v11.4.0.1.1193
[10:39:30] [Server thread/INFO]: [CombatLogX] Configuration version is recent, no major changes necessary.
[10:39:30] [Server thread/INFO]: [CombatLogX] Loading expansions...
[10:39:30] [Server thread/INFO]: [CombatLogX] Loading expansion 'EssentialsX Compatibility v17.2'...
[10:39:30] [Server thread/INFO]: [CombatLogX]  
[10:39:30] [Server thread/INFO]: [CombatLogX] Loading expansion 'PlaceholderAPI Compatibility v17.1'...
[10:39:30] [Server thread/INFO]: [CombatLogX]  
[10:39:30] [Server thread/INFO]: [CombatLogX] Successfully loaded 2 expansions.
[10:39:30] [Server thread/INFO]: [LumberJack] Loading server plugin LumberJack v5.3.0
[10:39:30] [Server thread/INFO]: [skript-yaml] Loading server plugin skript-yaml v1.5
[10:39:30] [Server thread/INFO]: [ExcellentEnchants] Loading server plugin ExcellentEnchants v3.6.5
[10:39:30] [Server thread/INFO]: [InteractionVisualizer] Loading server plugin InteractionVisualizer v1.18.8.0
[10:39:30] [Server thread/INFO]: [BetonQuest] Loading server plugin BetonQuest v2.1.2
[10:39:30] [Server thread/INFO]: [skript-reflect] Loading server plugin skript-reflect v2.4
[10:39:30] [Server thread/INFO]: [PlayerAuctions] Loading server plugin PlayerAuctions v1.27.3
[10:39:31] [Server thread/INFO]: [skript-placeholders] Loading server plugin skript-placeholders v1.6.0
[10:39:31] [Server thread/INFO]: Server permissions file permissions.yml is empty, ignoring it
[10:39:31] [Server thread/INFO]: [LuckPerms] Enabling LuckPerms v5.4.108
[10:39:31] [Server thread/INFO]:         __    
[10:39:31] [Server thread/INFO]:   |    |__)   LuckPerms v5.4.108
[10:39:31] [Server thread/INFO]:   |___ |      Running on Bukkit - Paper
[10:39:31] [Server thread/INFO]: 
[10:39:31] [Server thread/INFO]: [LuckPerms] Loading configuration...
[10:39:32] [Server thread/INFO]: [LuckPerms] Loading storage provider... [H2]
[10:39:32] [Server thread/INFO]: [LuckPerms] Loading internal permission managers...
[10:39:32] [Server thread/INFO]: [LuckPerms] Performing initial data load...
[10:39:32] [Server thread/INFO]: [LuckPerms] Successfully enabled. (took 1513ms)
[10:39:32] [Server thread/INFO]: [Vault] Enabling Vault v1.7.3-b131
[10:39:32] [Server thread/INFO]: [Vault] [Economy] Essentials Economy found: Waiting
[10:39:32] [Server thread/INFO]: [Vault] [Permission] SuperPermissions loaded as backup permission system.
[10:39:32] [Server thread/INFO]: [Vault] Enabled Version 1.7.3-b131
[10:39:32] [Server thread/INFO]: [LuckPerms] Registered Vault permission & chat hook.
[10:39:32] [Server thread/INFO]: [FastAsyncWorldEdit] Enabling FastAsyncWorldEdit v2.9.3-SNAPSHOT-748;1a31f39
[10:39:33] [Server thread/INFO]: [com.fastasyncworldedit.core.Fawe] LZ4 Compression Binding loaded successfully
[10:39:33] [Server thread/INFO]: [com.fastasyncworldedit.core.Fawe] ZSTD Compression Binding loaded successfully
[10:39:33] [Server thread/INFO]: Registering commands with com.sk89q.worldedit.bukkit.BukkitServerInterface
[10:39:33] [Server thread/INFO]: WEPIF: Vault detected! Using Vault for permissions
[10:39:33] [Server thread/INFO]: Using com.sk89q.worldedit.bukkit.adapter.impl.fawe.v1_20_R3.PaperweightFaweAdapter as the Bukkit adapter
[10:39:33] [Server thread/INFO]: [ProtocolLib] Enabling ProtocolLib v5.2.0-SNAPSHOT-679
[10:39:33] [Server thread/INFO]: [Blue Slime Core] Enabling BlueSlimeCore v2.9.4.402
[10:39:33] [Server thread/INFO]: [Blue Slime Core] Successfully loaded 2 language(s).
[10:39:33] [Server thread/INFO]: [Blue Slime Core] Detected server as regular SpigotMC/PaperMC (not Folia)
[10:39:34] [Server thread/INFO]: [NexEngine] Enabling NexEngine v2.2.12
[10:39:34] [Server thread/INFO]: [NexEngine] Seems like we have Paper based fork here...
[10:39:34] [Server thread/INFO]: [NexEngine] Successfully hooked with LuckPerms permissions
[10:39:34] [Server thread/INFO]: [NexEngine] Successfully hooked with EssentialsX Economy economy
[10:39:34] [Server thread/INFO]: [NexEngine] Successfully hooked with LuckPerms chat
[10:39:34] [Server thread/INFO]: [NexEngine] Plugin loaded in 102 ms!
[10:39:34] [Server thread/INFO]: [ConsoleSpamFix] Enabling ConsoleSpamFix v1.10.0
[10:39:34] [Server thread/INFO]: [ConsoleSpamFix] Server version detected: 1.20.4
[10:39:34] [Server thread/INFO]: [ConsoleSpamFix] Loading the config file...
[10:39:34] [Server thread/INFO]: [ConsoleSpamFix] Config file loaded!
[10:39:34] [Server thread/INFO]: [ConsoleSpamFix] ConsoleSpamFix loaded successfully!
[10:39:34] [Server thread/INFO]: [ExcellentEnchants] Enabling ExcellentEnchants v3.6.5
[10:39:34] [Server thread/INFO]: [ExcellentEnchants] Powered by: NexEngine
[10:39:34] [Server thread/INFO]: [PlaceholderAPI] Successfully registered internal expansion: excellentenchants [3.6.5]
[10:39:34] [Server thread/INFO]: [ExcellentEnchants] Tiers Loaded: 5
[10:39:34] [Server thread/INFO]: [ExcellentEnchants] Registered enchantment: auto_reel
[10:39:34] [Server thread/INFO]: [ExcellentEnchants] Registered enchantment: double_catch
[10:39:34] [Server thread/INFO]: [ExcellentEnchants] Registered enchantment: seasoned_angler
[10:39:34] [Server thread/INFO]: [ExcellentEnchants] Registered enchantment: survivalist
[10:39:34] [Server thread/INFO]: [ExcellentEnchants] Registered enchantment: curse_of_drowned
[10:39:34] [Server thread/INFO]: [ExcellentEnchants] Registered enchantment: river_master
[10:39:34] [Server thread/INFO]: [ExcellentEnchants] Registered enchantment: blast_mining
[10:39:34] [Server thread/INFO]: [ExcellentEnchants] Registered enchantment: curse_of_breaking
[10:39:34] [Server thread/INFO]: [ExcellentEnchants] Registered enchantment: curse_of_misfortune
[10:39:34] [Server thread/INFO]: [ExcellentEnchants] Registered enchantment: divine_touch
[10:39:34] [Server thread/INFO]: [ExcellentEnchants] Registered enchantment: haste
[10:39:34] [Server thread/INFO]: [ExcellentEnchants] Registered enchantment: lucky_miner
[10:39:34] [Server thread/INFO]: [ExcellentEnchants] Registered enchantment: replanter
[10:39:34] [Server thread/INFO]: [ExcellentEnchants] Registered enchantment: silk_chest
[10:39:34] [Server thread/INFO]: [ExcellentEnchants] Registered enchantment: smelter
[10:39:34] [Server thread/INFO]: [ExcellentEnchants] Registered enchantment: telekinesis
[10:39:34] [Server thread/INFO]: [ExcellentEnchants] Registered enchantment: treasures
[10:39:34] [Server thread/INFO]: [ExcellentEnchants] Registered enchantment: tunnel
[10:39:34] [Server thread/INFO]: [ExcellentEnchants] Registered enchantment: veinminer
[10:39:34] [Server thread/INFO]: [ExcellentEnchants] Registered enchantment: bane_of_netherspawn
[10:39:34] [Server thread/INFO]: [ExcellentEnchants] Registered enchantment: blindness
[10:39:34] [Server thread/INFO]: [ExcellentEnchants] Registered enchantment: confusion
[10:39:34] [Server thread/INFO]: [ExcellentEnchants] Registered enchantment: cutter
[10:39:34] [Server thread/INFO]: [ExcellentEnchants] Registered enchantment: curse_of_death
[10:39:34] [Server thread/INFO]: [ExcellentEnchants] Registered enchantment: decapitator
[10:39:34] [Server thread/INFO]: [ExcellentEnchants] Registered enchantment: double_strike
[10:39:34] [Server thread/INFO]: [ExcellentEnchants] Registered enchantment: exhaust
[10:39:34] [Server thread/INFO]: [ExcellentEnchants] Registered enchantment: exp_hunter
[10:39:34] [Server thread/INFO]: [ExcellentEnchants] Registered enchantment: ice_aspect
[10:39:34] [Server thread/INFO]: [ExcellentEnchants] Registered enchantment: infernus
[10:39:34] [Server thread/INFO]: [ExcellentEnchants] Registered enchantment: nimble
[10:39:34] [Server thread/INFO]: [ExcellentEnchants] Registered enchantment: paralyze
[10:39:34] [Server thread/INFO]: [ExcellentEnchants] Registered enchantment: cure
[10:39:34] [Server thread/INFO]: [ExcellentEnchants] Registered enchantment: rage
[10:39:34] [Server thread/INFO]: [ExcellentEnchants] Registered enchantment: rocket
[10:39:34] [Server thread/INFO]: [ExcellentEnchants] Registered enchantment: scavenger
[10:39:34] [Server thread/INFO]: [ExcellentEnchants] Registered enchantment: surprise
[10:39:34] [Server thread/INFO]: [ExcellentEnchants] Registered enchantment: swiper
[10:39:34] [Server thread/INFO]: [ExcellentEnchants] Registered enchantment: temper
[10:39:34] [Server thread/INFO]: [ExcellentEnchants] Registered enchantment: thrifty
[10:39:34] [Server thread/INFO]: [ExcellentEnchants] Registered enchantment: thunder
[10:39:34] [Server thread/INFO]: [ExcellentEnchants] Registered enchantment: vampire
[10:39:34] [Server thread/INFO]: [ExcellentEnchants] Registered enchantment: venom
[10:39:34] [Server thread/INFO]: [ExcellentEnchants] Registered enchantment: village_defender
[10:39:34] [Server thread/INFO]: [ExcellentEnchants] Registered enchantment: wither
[10:39:34] [Server thread/INFO]: [ExcellentEnchants] Registered enchantment: aquaman
[10:39:34] [Server thread/INFO]: [ExcellentEnchants] Registered enchantment: bunny_hop
[10:39:34] [Server thread/INFO]: [ExcellentEnchants] Registered enchantment: cold_steel
[10:39:34] [Server thread/INFO]: [ExcellentEnchants] Registered enchantment: ice_shield
[10:39:34] [Server thread/INFO]: [ExcellentEnchants] Registered enchantment: elemental_protection
[10:39:34] [Server thread/INFO]: [ExcellentEnchants] Registered enchantment: fire_shield
[10:39:34] [Server thread/INFO]: [ExcellentEnchants] Registered enchantment: flame_walker
[10:39:34] [Server thread/INFO]: [ExcellentEnchants] Registered enchantment: hardened
[10:39:34] [Server thread/INFO]: [ExcellentEnchants] Registered enchantment: night_vision
[10:39:34] [Server thread/INFO]: [ExcellentEnchants] Registered enchantment: regrowth
[10:39:34] [Server thread/INFO]: [ExcellentEnchants] Registered enchantment: saturation
[10:39:34] [Server thread/INFO]: [ExcellentEnchants] Registered enchantment: self_destruction
[10:39:34] [Server thread/INFO]: [ExcellentEnchants] Registered enchantment: stopping_force
[10:39:34] [Server thread/INFO]: [ExcellentEnchants] Registered enchantment: sonic
[10:39:34] [Server thread/INFO]: [ExcellentEnchants] Registered enchantment: bomber
[10:39:34] [Server thread/INFO]: [ExcellentEnchants] Registered enchantment: confusing_arrows
[10:39:34] [Server thread/INFO]: [ExcellentEnchants] Registered enchantment: dragonfire_arrows
[10:39:34] [Server thread/INFO]: [ExcellentEnchants] Registered enchantment: electrified_arrows
[10:39:34] [Server thread/INFO]: [ExcellentEnchants] Registered enchantment: ender_bow
[10:39:34] [Server thread/INFO]: [ExcellentEnchants] Registered enchantment: explosive_arrows
[10:39:34] [Server thread/INFO]: [ExcellentEnchants] Registered enchantment: flare
[10:39:34] [Server thread/INFO]: [ExcellentEnchants] Registered enchantment: ghast
[10:39:34] [Server thread/INFO]: [ExcellentEnchants] Registered enchantment: hover
[10:39:34] [Server thread/INFO]: [ExcellentEnchants] Registered enchantment: sniper
[10:39:34] [Server thread/INFO]: [ExcellentEnchants] Registered enchantment: poisoned_arrows
[10:39:34] [Server thread/INFO]: [ExcellentEnchants] Registered enchantment: vampiric_arrows
[10:39:34] [Server thread/INFO]: [ExcellentEnchants] Registered enchantment: withered_arrows
[10:39:34] [Server thread/INFO]: [ExcellentEnchants] Registered enchantment: darkness_arrows
[10:39:34] [Server thread/INFO]: [ExcellentEnchants] Registered enchantment: darkness_cloak
[10:39:34] [Server thread/INFO]: [ExcellentEnchants] Registered enchantment: curse_of_fragility
[10:39:34] [Server thread/INFO]: [ExcellentEnchants] Registered enchantment: curse_of_mediocrity
[10:39:34] [Server thread/INFO]: [ExcellentEnchants] Registered enchantment: soulbound
[10:39:34] [Server thread/INFO]: [ExcellentEnchants] Registered enchantment: restore
[10:39:34] [Server thread/INFO]: [ExcellentEnchants] Enchantments Registered: 78
[10:39:34] [Server thread/INFO]: [ExcellentEnchants] Plugin loaded in 468 ms!
[10:39:34] [Server thread/WARN]: **** SERVER IS RUNNING IN OFFLINE/INSECURE MODE!
[10:39:34] [Server thread/WARN]: The server will make no attempt to authenticate usernames. Beware.
[10:39:34] [Server thread/WARN]: While this makes the game possible to play without internet access, it also opens up the ability for hackers to connect with any username they choose.
[10:39:34] [Server thread/WARN]: To change this, set "online-mode" to "true" in the server.properties file.
[10:39:34] [Server thread/INFO]: Preparing level "world"
[10:39:35] [Server thread/INFO]: Preparing start region for dimension minecraft:overworld
[10:39:35] [Server thread/INFO]: Time elapsed: 256 ms
[10:39:35] [Server thread/INFO]: Preparing start region for dimension minecraft:the_nether
[10:39:35] [Server thread/INFO]: Time elapsed: 155 ms
[10:39:35] [Server thread/INFO]: Preparing start region for dimension minecraft:the_end
[10:39:35] [Server thread/INFO]: Time elapsed: 61 ms
[10:39:35] [Server thread/INFO]: [WorldGuard] Enabling WorldGuard v7.0.9+5934e49
[10:39:36] [Server thread/INFO]: [WorldGuard] (world) TNT ignition is PERMITTED.
[10:39:36] [Server thread/INFO]: [WorldGuard] (world) Lighters are PERMITTED.
[10:39:36] [Server thread/INFO]: [WorldGuard] (world) Lava fire is PERMITTED.
[10:39:36] [Server thread/INFO]: [WorldGuard] (world) Fire spread is UNRESTRICTED.
[10:39:36] [Server thread/INFO]: [WorldGuard] Loaded configuration for world 'world'
[10:39:36] [Server thread/INFO]: [WorldGuard] (world_nether) TNT ignition is PERMITTED.
[10:39:36] [Server thread/INFO]: [WorldGuard] (world_nether) Lighters are PERMITTED.
[10:39:36] [Server thread/INFO]: [WorldGuard] (world_nether) Lava fire is PERMITTED.
[10:39:36] [Server thread/INFO]: [WorldGuard] (world_nether) Fire spread is UNRESTRICTED.
[10:39:36] [Server thread/INFO]: [WorldGuard] Loaded configuration for world 'world_nether'
[10:39:36] [Server thread/INFO]: [WorldGuard] (world_the_end) TNT ignition is PERMITTED.
[10:39:36] [Server thread/INFO]: [WorldGuard] (world_the_end) Lighters are PERMITTED.
[10:39:36] [Server thread/INFO]: [WorldGuard] (world_the_end) Lava fire is PERMITTED.
[10:39:36] [Server thread/INFO]: [WorldGuard] (world_the_end) Fire spread is UNRESTRICTED.
[10:39:36] [Server thread/INFO]: [WorldGuard] Loaded configuration for world 'world_the_end'
[10:39:36] [Server thread/INFO]: [WorldGuard] Loading region data...
[10:39:36] [Server thread/INFO]: [Multiverse-Core] Enabling Multiverse-Core v4.3.10
[10:39:36] [Server thread/WARN]: [Multiverse-Core] "Multiverse-Core v4.3.10" has registered a listener for org.bukkit.event.entity.EntityCreatePortalEvent on method "public void com.onarandombox.MultiverseCore.listeners.MVPortalListener.entityPortalCreate(org.bukkit.event.entity.EntityCreatePortalEvent)", but the event is Deprecated. "Server performance will be affected"; please notify the authors [dumptruckman, Rigby, fernferret, lithium3141, main--].
[10:39:36] [Server thread/INFO]: [Multiverse-Core] §aWe are aware of the warning about the deprecated event. There is no alternative that allows us to do what we need to do and performance impact is negligible. It is safe to ignore.
[10:39:36] [Server thread/INFO]: Preparing start region for dimension minecraft:spawn
[10:39:37] [Server thread/INFO]: Time elapsed: 1163 ms
[10:39:37] [Server thread/INFO]: [WorldGuard] (spawn) TNT ignition is PERMITTED.
[10:39:37] [Server thread/INFO]: [WorldGuard] (spawn) Lighters are PERMITTED.
[10:39:37] [Server thread/INFO]: [WorldGuard] (spawn) Lava fire is PERMITTED.
[10:39:37] [Server thread/INFO]: [WorldGuard] (spawn) Fire spread is UNRESTRICTED.
[10:39:37] [Server thread/INFO]: [WorldGuard] Loaded configuration for world 'spawn'
[10:39:37] [Server thread/INFO]: Preparing start region for dimension minecraft:dungeons
[10:39:38] [Server thread/INFO]: Time elapsed: 65 ms
[10:39:38] [Server thread/INFO]: [WorldGuard] (dungeons) TNT ignition is PERMITTED.
[10:39:38] [Server thread/INFO]: [WorldGuard] (dungeons) Lighters are PERMITTED.
[10:39:38] [Server thread/INFO]: [WorldGuard] (dungeons) Lava fire is PERMITTED.
[10:39:38] [Server thread/INFO]: [WorldGuard] (dungeons) Fire spread is UNRESTRICTED.
[10:39:38] [Server thread/INFO]: [WorldGuard] Loaded configuration for world 'dungeons'
[10:39:38] [Server thread/INFO]: [Multiverse-Core] 5 - World(s) loaded.
[10:39:38] [Server thread/WARN]: [Multiverse-Core] Buscript failed to load! The script command will be disabled! If you would like not to see this message, use `/mv conf enablebuscript false` to disable Buscript from loading.
[10:39:38] [Server thread/INFO]: [Multiverse-Core] Version 4.3.10 (API v24) Enabled - By dumptruckman, Rigby, fernferret, lithium3141 and main--
[10:39:38] [Server thread/INFO]: [PlaceholderAPI] Enabling PlaceholderAPI v2.11.5
[10:39:38] [Server thread/INFO]: [PlaceholderAPI] Fetching available expansion information...
[10:39:38] [Server thread/INFO]: [GriefPrevention] Enabling GriefPrevention v16.18.1
[10:39:38] [Server thread/INFO]: [GriefPrevention] Finished loading configuration.
[10:39:38] [Server thread/INFO]: [GriefPrevention] 0 total claims loaded.
[10:39:38] [Server thread/INFO]: [GriefPrevention] Customizable messages loaded.
[10:39:38] [Server thread/INFO]: [GriefPrevention] Successfully hooked into WorldGuard.
[10:39:38] [Server thread/INFO]: [GriefPrevention] Finished loading data (File Mode).
[10:39:38] [Server thread/INFO]: [GriefPrevention] Boot finished.
[10:39:38] [Server thread/INFO]: [DecentHolograms] Enabling DecentHolograms v2.8.6
[10:39:38] [Server thread/INFO]: [Skript] Enabling Skript v2.8.5
[10:39:39] [Server thread/INFO]: [Skript] The updater is disabled, so a check for the latest version of Skript was not performed.
[10:39:47] [Server thread/INFO]: [Skript] Loaded 233032 aliases in 8599ms
[10:39:48] [Server thread/INFO]: [Skript]  ~ created by & © Peter Güttinger aka Njol ~
[10:39:48] [Server thread/INFO]: [Essentials] Enabling Essentials v2.21.0-dev+24-0af4436
[10:39:48] [Server thread/INFO]: [Essentials] Attempting to convert old kits in config.yml to new kits.yml
[10:39:48] [Server thread/INFO]: [Essentials] No kits found to migrate.
[10:39:48] [Server thread/INFO]: [Essentials] Loaded 38132 items from items.json.
[10:39:48] [Server thread/INFO]: [Essentials] Using locale en
[10:39:48] [Server thread/INFO]: [Essentials] ServerListPingEvent: Spigot iterator API
[10:39:48] [Server thread/INFO]: [Essentials] Starting Metrics. Opt-out using the global bStats config.
[10:39:48] [Server thread/INFO]: [Vault] [Economy] Essentials Economy hooked.
[10:39:48] [Server thread/INFO]: [Essentials] Using Vault based permissions (LuckPerms)
[10:39:48] [Server thread/INFO]: [Citizens] Enabling Citizens v2.0.33-SNAPSHOT (build 3391)
[10:39:48] [Server thread/INFO]: [Citizens] Loading external libraries
[10:39:49] [Server thread/INFO]: [Citizens] Loaded 0 templates.
[10:39:49] [Server thread/INFO]: [PlaceholderAPI] Successfully registered internal expansion: citizensplaceholder [1.0.0]
[10:39:49] [Server thread/INFO]: [Citizens] Loaded economy handling via Vault.
[10:39:49] [Server thread/INFO]: [AuraSkills] Enabling AuraSkills v2.0.6
[10:39:49] [Server thread/INFO]: [AuraSkills] Loaded 18 message files
[10:39:50] [Server thread/INFO]: [AuraSkills] Successfully registered hook DecentHolograms
[10:39:50] [Server thread/INFO]: [AuraSkills] Successfully registered hook LuckPerms
[10:39:50] [Server thread/INFO]: [PlaceholderAPI] Successfully registered internal expansion: auraskills [2.0.6]
[10:39:50] [Server thread/INFO]: [PlaceholderAPI] Successfully registered internal expansion: aureliumskills [2.0.6]
[10:39:50] [Server thread/INFO]: [AuraSkills] Successfully registered hook PlaceholderAPI
[10:39:50] [Server thread/INFO]: [AuraSkills] Successfully registered hook ProtocolLib
[10:39:50] [Server thread/INFO]: [AuraSkills] Successfully registered hook Vault
[10:39:50] [Server thread/INFO]: [AuraSkills] Successfully registered hook WorldGuard
[10:39:50] [Server thread/INFO]: [AuraSkills] Loaded 101 config options in 23 ms
[10:39:50] [Server thread/INFO]: [AuraSkills] Loaded 3 blocked worlds.
[10:39:50] [Server thread/INFO]: [AuraSkills] [ACF] Enabled Asynchronous Tab Completion Support!
[10:39:50] [Server thread/INFO]: [NBTAPI] [NBTAPI] Found Spigot: v1_20_R3! Trying to find NMS support
[10:39:50] [Server thread/INFO]: [NBTAPI] [NBTAPI] NMS support 'MC1_20_R3' loaded!
[10:39:50] [Server thread/INFO]: [NBTAPI] [NBTAPI] Using the plugin 'AuraSkills' to create a bStats instance!
[10:39:50] [Server thread/INFO]: [BestTools] Enabling BestTools v2.2.1
[10:39:50] [Server thread/INFO]: [BestTools] Building the <Block,Tool> map took 3 ms
[10:39:50] [Server thread/INFO]: [PlaceholderAPI] Successfully registered internal expansion: besttools [2.2.1]
[10:39:50] [Server thread/INFO]: [AntiPopup] Enabling AntiPopup v7.3
[10:39:50] [Server thread/INFO]: [AntiPopup] Config enabled.
[10:39:50] [Server thread/INFO]: [AntiPopup] Initiated PacketEvents.
[10:39:50] [Server thread/INFO]: [AntiPopup] Hooked on 1.20.4
[10:39:50] [Server thread/INFO]: [AntiPopup] Commands registered.
[10:39:50] [Server thread/INFO]: [AntiPopup] Logger filter enabled.
[10:39:50] [Server thread/INFO]: [CrazyCrates] Enabling CrazyCrates v1.19.1
[10:39:50] [Server thread/INFO]: [CrazyCrates] Loading the events.log
[10:39:50] [Server thread/INFO]: [CrazyCrates] Successfully loaded events.log
[10:39:50] [Server thread/INFO]: [CrazyCrates] Loading the locations.yml
[10:39:50] [Server thread/INFO]: [CrazyCrates] Successfully loaded locations.yml
[10:39:50] [Server thread/INFO]: [CrazyCrates] Loading the data.yml
[10:39:50] [Server thread/INFO]: [CrazyCrates] Successfully loaded data.yml
[10:39:50] [Server thread/INFO]: [CrazyCrates] Loading custom files.
[10:39:50] [Server thread/INFO]: [CrazyCrates] Loaded new custom file: /crates/AdventureCrate.yml.
[10:39:50] [Server thread/INFO]: [CrazyCrates] Loaded new custom file: /crates/LegendaryCrate.yml.
[10:39:50] [Server thread/INFO]: [CrazyCrates] Loaded new custom file: /crates/HeroCrate.yml.
[10:39:50] [Server thread/INFO]: [CrazyCrates] Finished loading custom files.
[10:39:50] [Server thread/WARN]: [CrazyCrates] Created examples because we couldn't find it.
[10:39:50] [Server thread/INFO]: [CrazyCrates] DecentHolograms support has been enabled.
[10:39:50] [Server thread/INFO]: [CrazyCrates] Loading all crate information...
[10:39:50] [Server thread/INFO]: [NBTAPI] [NBTAPI] Found Spigot: v1_20_R3! Trying to find NMS support
[10:39:50] [Server thread/INFO]: [NBTAPI] [NBTAPI] NMS support 'MC1_20_R3' loaded!
[10:39:50] [Server thread/INFO]: [NBTAPI] [NBTAPI] Using the plugin 'CrazyCrates' to create a bStats instance!
[10:39:50] [Server thread/INFO]: [CrazyCrates] All crate information has been loaded.
[10:39:50] [Server thread/INFO]: [CrazyCrates] Loading all the physical crate locations.
[10:39:50] [Server thread/INFO]: [CrazyCrates] All physical crate locations have been loaded.
[10:39:50] [Server thread/INFO]: [CrazyCrates] Searching for schematics to load.
[10:39:50] [Server thread/INFO]: [CrazyCrates] nether.nbt was successfully found and loaded.
[10:39:50] [Server thread/INFO]: [CrazyCrates] soul.nbt was successfully found and loaded.
[10:39:50] [Server thread/INFO]: [CrazyCrates] outdoors.nbt was successfully found and loaded.
[10:39:50] [Server thread/INFO]: [CrazyCrates] classic.nbt was successfully found and loaded.
[10:39:50] [Server thread/INFO]: [CrazyCrates] sea.nbt was successfully found and loaded.
[10:39:50] [Server thread/INFO]: [CrazyCrates] wooden.nbt was successfully found and loaded.
[10:39:50] [Server thread/INFO]: [CrazyCrates] All schematics were found and loaded.
[10:39:50] [Server thread/INFO]: [CrazyCrates] Cleaning up the data.yml file.
[10:39:50] [Server thread/INFO]: [CrazyCrates] DECENT_HOLOGRAMS FOUND
[10:39:50] [Server thread/INFO]: [CrazyCrates] HOLOGRAPHIC_DISPLAYS NOT FOUND
[10:39:50] [Server thread/INFO]: [CrazyCrates] CMI NOT FOUND
[10:39:50] [Server thread/INFO]: [CrazyCrates] PLACEHOLDERAPI FOUND
[10:39:50] [Server thread/INFO]: [CrazyCrates] ORAXEN NOT FOUND
[10:39:50] [Server thread/INFO]: [CrazyCrates] ITEMS_ADDER NOT FOUND
[10:39:50] [Server thread/INFO]: [CrazyCrates] PlaceholderAPI support is enabled!
[10:39:50] [Server thread/INFO]: [PlaceholderAPI] Successfully registered internal expansion: crazycrates [1.19.1]
[10:39:50] [Server thread/INFO]: [CrazyCrates] You can disable logging by going to the plugin-config.yml and setting verbose to false.
[10:39:50] [Server thread/INFO]: [SkBee] Enabling SkBee v3.5.0
[10:39:51] [Server thread/INFO]: [SkBee] Loading NBTApi...
[10:39:51] [Server thread/INFO]: [SkBee] [NBTAPI] Found Minecraft: v1_20_R3! Trying to find NMS support
[10:39:51] [Server thread/INFO]: [SkBee] [NBTAPI] NMS support 'MC1_20_R3' loaded!
[10:39:51] [Server thread/INFO]: [SkBee] Successfully loaded NBTApi!
[10:39:51] [Server thread/INFO]: [SkBee] NBT Elements successfully loaded
[10:39:51] [Server thread/INFO]: [SkBee] Text Component Elements successfully loaded
[10:39:51] [Server thread/INFO]: [SkBee] Advancement Elements successfully loaded
[10:39:51] [Server thread/INFO]: [SkBee] BossBar Elements successfully loaded
[10:39:51] [Server thread/INFO]: [SkBee] Bound Elements successfully loaded
[10:39:51] [Server thread/INFO]: [SkBee] Damage Source elements successfully loaded
[10:39:51] [Server thread/INFO]: [SkBee] Display Entity elements successfully loaded
[10:39:51] [Server thread/INFO]: [SkBee] Fishing elements successfully loaded
[10:39:51] [Server thread/INFO]: [SkBee] Game Event Elements successfully loaded
[10:39:51] [Server thread/INFO]: [SkBee] Particle Elements successfully loaded
[10:39:51] [Server thread/INFO]: [SkBee] RayTrace elements successfully loaded
[10:39:51] [Server thread/INFO]: [SkBee] Recipe Elements successfully loaded
[10:39:51] [Server thread/INFO]: [SkBee] Scoreboard Elements successfully loaded
[10:39:51] [Server thread/INFO]: [SkBee] Scoreboard Objective Elements successfully loaded
[10:39:51] [Server thread/INFO]: [SkBee] Statistic Elements successfully loaded
[10:39:51] [Server thread/INFO]: [SkBee] Structure Elements successfully loaded
[10:39:51] [Server thread/INFO]: [SkBee] Minecraft Tag elements successfully loaded
[10:39:51] [Server thread/INFO]: [SkBee] Team Elements successfully loaded
[10:39:51] [Server thread/INFO]: [SkBee] Tick Manager elements successfully loaded
[10:39:51] [Server thread/INFO]: [SkBee] Villager Elements successfully loaded
[10:39:51] [Server thread/INFO]: [SkBee] Virtual Furnace Elements disabled via config
[10:39:51] [Server thread/INFO]: [SkBee] World Border Elements successfully loaded
[10:39:51] [Server thread/INFO]: [SkBee] World Creator Elements successfully loaded
[10:39:51] [Server thread/INFO]: [SkBee] Chunk Generator Elements disabled via config
[10:39:51] [Server thread/INFO]: [SkBee] Loaded (396) elements:
[10:39:51] [Server thread/INFO]: [SkBee]  - 55 events
[10:39:51] [Server thread/INFO]: [SkBee]  - 62 effects
[10:39:51] [Server thread/INFO]: [SkBee]  - 242 expressions
[10:39:51] [Server thread/INFO]: [SkBee]  - 27 conditions
[10:39:51] [Server thread/INFO]: [SkBee]  - 10 sections
[10:39:51] [Server thread/INFO]: [SkBee] Checking for update...
[10:39:51] [Server thread/INFO]: [SkBee] Plugin is not up to date!
[10:39:51] [Server thread/INFO]: [SkBee]  - Current version: v3.5.0
[10:39:51] [Server thread/INFO]: [SkBee]  - Available update: v3.5.8
[10:39:51] [Server thread/INFO]: [SkBee]  - Download available at: https://github.com/ShaneBeee/SkBee/releases
[10:39:51] [Server thread/INFO]: [SkBee] Successfully enabled v3.5.0 in 0.64 seconds
[10:39:51] [Server thread/INFO]: [CommandPanels] Enabling CommandPanels v3.20.0.2
[10:39:51] [Server thread/INFO]: [CommandPanels] RockyHawk's CommandPanels v3.20.0.2 Plugin Loading...
[10:39:51] [Server thread/INFO]: [PlaceholderAPI] Successfully registered internal expansion: commandpanels [1.0.0]
[10:39:51] [Server thread/INFO]: [CommandPanels] RockyHawk's CommandPanels v3.20.0.2 Plugin Loaded!
[10:39:51] [Server thread/INFO]: [CMILib] Enabling CMILib v1.4.5.2
[10:39:52] [Server thread/INFO]: Server version: v1_20_R3 - 1.20.4 - paper  git-Paper-497 (MC: 1.20.4)
[10:39:52] [Server thread/INFO]: Environment: Environment[sessionHost=https://sessionserver.mojang.com, servicesHost=https://api.minecraftservices.com, name=PROD]
[10:39:52] [Server thread/INFO]: [PlaceholderAPI] Successfully registered internal expansion: cmil [1.4.5.2]
[10:39:52] [Server thread/INFO]: PlaceholderAPI hooked.
[10:39:52] [Server thread/INFO]: Updated (EN) language file. Took 28ms
[10:39:52] [Server thread/INFO]: [ChatManager] Enabling ChatManager v3.7.7
[10:39:52] [Server thread/INFO]: [ChatManager] Hooked into: PlaceholderAPI v2.11.5
[10:39:52] [Server thread/INFO]: [PlaceholderAPI] Successfully registered internal expansion: chatmanager [3.7.7]
[10:39:52] [Server thread/INFO]: [ChatManager] Hooked into: Essentials v2.21.0-dev+24-0af4436
[10:39:52] [Server thread/INFO]: [ChatManager] Hooked into: Vault v1.7.3-b131
[10:39:52] [Server thread/INFO]: [ChatManager] Hooked into: LuckPerms v5.4.108
[10:39:53] [Server thread/INFO]: [ChatManager] Plugin is up to date - v3.7.7
[10:39:53] [Server thread/INFO]: [ChatManager] Starting Metrics.
[10:39:53] [Server thread/INFO]: =========================
[10:39:53] [Server thread/INFO]: Chat Manager
[10:39:53] [Server thread/INFO]: Version 3.7.7
[10:39:53] [Server thread/INFO]: Author: H1DD3NxN1NJA
[10:39:53] [Server thread/INFO]: =========================
[10:39:53] [Server thread/INFO]: [playit-gg] Enabling playit-gg v0.1.4
[10:39:53] [Thread-17/INFO]: [gg.playit.minecraft.PlayitKeysSetup] secret key found, checking
[10:39:53] [Thread-17/INFO]: [gg.playit.minecraft.PlayitKeysSetup] check secret
[10:39:53] [Server thread/INFO]: [CombatLogX] Enabling CombatLogX v11.4.0.1.1193
[10:39:53] [Server thread/INFO]: [CombatLogX] Successfully loaded 29 language(s).
[10:39:53] [Server thread/INFO]: [CombatLogX] Detected server as regular SpigotMC/PaperMC (not Folia)
[10:39:53] [Server thread/INFO]: CombatLogX was loaded successfully.
[10:39:53] [Server thread/INFO]: [CombatLogX] Enabling expansions...
[10:39:53] [Server thread/INFO]: [CombatLogX] Enabling expansion 'EssentialsX Compatibility v17.2'...
[10:39:53] [Server thread/INFO]: [CombatLogX] [EssentialsX Compatibility] Successfully found a dependency: Essentials v2.21.0-dev+24-0af4436
[10:39:53] [Server thread/INFO]: [CombatLogX] [EssentialsX Compatibility] Detected EssentialsX successfully.
[10:39:53] [Server thread/INFO]: [CombatLogX]  
[10:39:53] [Server thread/INFO]: [CombatLogX] Enabling expansion 'PlaceholderAPI Compatibility v17.1'...
[10:39:53] [Server thread/INFO]: [CombatLogX] [PlaceholderAPI Compatibility] Successfully found a dependency: PlaceholderAPI v2.11.5
[10:39:53] [Server thread/INFO]: [PlaceholderAPI] Successfully registered internal expansion: combatlogx [17.1]
[10:39:53] [Server thread/INFO]: [CombatLogX]  
[10:39:53] [Server thread/INFO]: [CombatLogX] Successfully enabled 2 expansions.
[10:39:53] [Server thread/INFO]: CombatLogX was enabled successfully.
[10:39:53] [Server thread/INFO]: [LumberJack] Enabling LumberJack v5.3.0
[10:39:53] [Server thread/INFO]: [PlaceholderAPI] Successfully registered internal expansion: lumberjack [5.3.0]
[10:39:53] [Server thread/INFO]: [skript-yaml] Enabling skript-yaml v1.5
[10:39:53] [Server thread/INFO]: [InteractionVisualizer] Enabling InteractionVisualizer v1.18.8.0
[10:39:55] [Thread-17/INFO]: [gg.playit.minecraft.PlayitKeysSetup] create new minecraft java tunnel
[10:39:55] [Server thread/INFO]: [InteractionVisualizer] Loading languages...
[10:39:55] [Server thread/INFO]: [InteractionVisualizer] Opened Sqlite database successfully
[10:39:56] [Server thread/INFO]: [PlaceholderAPI] Successfully registered internal expansion: interactionvisualizer [2.0.0]
[10:39:56] [Server thread/INFO]: [InteractionVisualizer] InteractionVisualizer has been enabled!
[10:39:56] [Server thread/INFO]: [BetonQuest] Enabling BetonQuest v2.1.2
[10:39:56] [Server thread/INFO]: [BetonQuest] Running on JRE 21.0.3 (build 9, optional LTS, pre-release info N/A) by Microsoft
[10:39:56] [Server thread/INFO]: [BetonQuest] Using SQLite for storing data!
[10:39:57] [Server thread/INFO]: [BetonQuest] Hooking into LuckPerms
[10:39:57] [Server thread/INFO]: [BetonQuest] Hooking into Vault
[10:39:57] [Server thread/INFO]: [BetonQuest] Hooking into FastAsyncWorldEdit
[10:39:57] [Server thread/INFO]: [BetonQuest] Hooking into WorldGuard
[10:39:57] [Server thread/INFO]: [BetonQuest] Hooking into ProtocolLib
[10:39:57] [Server thread/INFO]: [BetonQuest] Hooking into PlaceholderAPI
[10:39:57] [Server thread/INFO]: [PlaceholderAPI] Successfully registered internal expansion: betonquest [2.1.2]
[10:39:57] [Server thread/INFO]: [BetonQuest] Hooking into DecentHolograms
[10:39:57] [Server thread/INFO]: [BetonQuest] Hooking into Skript
[10:39:57] [Server thread/INFO]: [BetonQuest] Hooking into Citizens
[10:39:57] [Server thread/INFO]: [BetonQuest] Hooking into AuraSkills
[10:39:57] [Server thread/INFO]: [BetonQuest] Using DecentHolograms as dedicated hologram provider!
[10:39:57] [Server thread/INFO]: [BetonQuest] BetonQuest successfully enabled!
[10:39:57] [Server thread/INFO]: [skript-reflect] Enabling skript-reflect v2.4
[10:39:57] [Server thread/INFO]: [PlayerAuctions] Enabling PlayerAuctions v1.27.3
[10:39:57] [Server thread/INFO]: [PlayerAuctions] This plugin is licensed to giroza (480387) from BuiltByBit!
[10:39:57] [Server thread/INFO]: [PlayerAuctions] Vault found, now enabling PlayerAuctions...
[10:39:59] [Server thread/INFO]: [PlayerAuctions] Found 19 config files to load!
[10:40:02] [Server thread/INFO]: [PlayerAuctions] Permissions plugin found! (LuckPerms)
[10:40:02] [Server thread/INFO]: [PlayerAuctions] Economy plugin found! (EssentialsX Economy)
[10:40:02] [Server thread/INFO]: [PlayerAuctions] Chat plugin found! (LuckPerms)
[10:40:02] [Server thread/INFO]: [PlayerAuctions] Found PlaceholderAPI integrating support...
[10:40:02] [Server thread/INFO]: [PlayerAuctions] Found Vault Currency integrating support...
[10:40:02] [Server thread/INFO]: [PlayerAuctions] Found Product Converter integrating support...
[10:40:02] [Server thread/INFO]: [PlayerAuctions] Found Item Currency integrating support...
[10:40:02] [Server thread/INFO]: [PlayerAuctions] SQLite database is enabling...
[10:40:02] [Server thread/INFO]: [PlayerAuctions] Loading Metrics...
[10:40:02] [Server thread/INFO]: [PlayerAuctions] Successfully loaded Metrics!
[10:40:02] [Server thread/INFO]: [skript-placeholders] Enabling skript-placeholders v1.6.0
[10:40:02] [Server thread/INFO]: [PlaceholderAPI] Placeholder expansion registration initializing...
[10:40:02] [Server thread/INFO]: Running delayed init tasks
[10:40:02] [Server thread/INFO]: [com.fastasyncworldedit.bukkit.regions.WorldGuardFeature] Plugin 'WorldGuard' found. Using it now.
[10:40:02] [Server thread/INFO]: [com.fastasyncworldedit.bukkit.FaweBukkit] Attempting to use plugin 'WorldGuard'
[10:40:02] [Server thread/INFO]: [com.fastasyncworldedit.bukkit.regions.GriefPreventionFeature] Plugin 'GriefPrevention' found. Using it now.
[10:40:02] [Server thread/INFO]: [com.fastasyncworldedit.bukkit.FaweBukkit] Attempting to use plugin 'GriefPrevention'
[10:40:02] [Craft Scheduler Thread - 4 - DecentHolograms/INFO]: [DecentHolograms] Loading holograms... 
[10:40:02] [Craft Scheduler Thread - 8 - DecentHolograms/INFO]: [DecentHolograms] Created directory plugins/DecentHolograms/animations
[10:40:02] [Craft Scheduler Thread - 8 - Essentials/INFO]: [Essentials] Fetching version information...
[10:40:02] [Craft Scheduler Thread - 8 - Essentials/INFO]: [Essentials] 
[10:40:02] [Craft Scheduler Thread - 13 - InteractionVisualizer/INFO]: [InteractionVisualizer] Downloading and extracting latest Language files...
[10:40:02] [Craft Scheduler Thread - 16 - PlayerAuctions/INFO]: [PlayerAuctions] Loading auction items...
[10:40:02] [Craft Scheduler Thread - 18 - Vault/INFO]: [Vault] Checking for Updates ... 
[10:40:02] [Craft Scheduler Thread - 8 - CMILib/INFO]: New version of CMILib was detected. Please update it
[10:40:02] [Craft Scheduler Thread - 5 - BlueSlimeCore/INFO]: [Blue Slime Core]  
[10:40:02] [Craft Scheduler Thread - 5 - BlueSlimeCore/INFO]: [Blue Slime Core] [Update Checker] A possible update was found for plugin 'CombatLogX'.
[10:40:02] [Craft Scheduler Thread - 5 - BlueSlimeCore/INFO]: [Blue Slime Core] [Update Checker] Current Version: 11.4.0.1.1193
[10:40:02] [Craft Scheduler Thread - 5 - BlueSlimeCore/INFO]: [Blue Slime Core] [Update Checker] New Version: 11.5.0.0.1242
[10:40:02] [Craft Scheduler Thread - 5 - BlueSlimeCore/INFO]: [Blue Slime Core] [Update Checker] Download Link: https://www.spigotmc.org/resources/31689/
[10:40:02] [Craft Scheduler Thread - 9 - DecentHolograms/INFO]: 
A newer version of DecentHolograms is available. Download it from: https://www.spigotmc.org/resources/96927/
[10:40:02] [Craft Scheduler Thread - 4 - DecentHolograms/INFO]: [DecentHolograms] Loaded 32 holograms!
[10:40:02] [Server thread/INFO]: [Skript] Loading variables...
[10:40:02] [Craft Scheduler Thread - 18 - Vault/INFO]: [Vault] No new version available
[10:40:02] [Craft Scheduler Thread - 15 - PlayerAuctions/INFO]: [PlayerAuctions]   PlayerAuctions v1.28.1 is out! You are still running v1.27.3!
[10:40:03] [Server thread/INFO]: [Skript] Loaded 9313 variables in 0.4 seconds
[10:40:03] [Craft Scheduler Thread - 13 - InteractionVisualizer/INFO]: [InteractionVisualizer] Sucessfully downloaded the latest Language files!
[10:40:03] [Craft Scheduler Thread - 6 - BlueSlimeCore/INFO]: [Blue Slime Core]  
[10:40:03] [Craft Scheduler Thread - 6 - BlueSlimeCore/INFO]: [Blue Slime Core] [Update Checker] Found a possible update for plugin 'BlueSlimeCore'.
[10:40:03] [Craft Scheduler Thread - 6 - BlueSlimeCore/INFO]: [Blue Slime Core] [Update Checker] Local Version: 2.9.4.402
[10:40:03] [Craft Scheduler Thread - 6 - BlueSlimeCore/INFO]: [Blue Slime Core] [Update Checker] Remote Version: 2.9.6.431
[10:40:03] [Craft Scheduler Thread - 6 - BlueSlimeCore/INFO]: [Blue Slime Core] [Update Checker] Download Link: https://hangar.papermc.io/SirBlobman/BlueSlimeCore
[10:40:03] [Thread-17/INFO]: [gg.playit.minecraft.PlayitKeysSetup] found minecraft java tunnel: entire-battle.joinmc.link
[10:40:03] [Thread-17/INFO]: [gg.playit.minecraft.PlayitManager] keys and tunnel setup
[10:40:03] [Thread-17/INFO]: playit.gg: tunnel setup
[10:40:03] [Thread-17/INFO]: playit.gg: entire-battle.joinmc.link
[10:40:03] [Thread-17/WARN]: [gg.playit.control.ChannelSetup] Got IO error working with :control.playit.gg/2602:fbaf:848:0:0:0:0:1, error : java.net.SocketException: Network is unreachable
[10:40:04] [Craft Scheduler Thread - 12 - InteractionVisualizer/INFO]: [InteractionVisualizer] Loaded all 1 languages!
[10:40:04] [Craft Scheduler Thread - 15 - PlayerAuctions/INFO]: [PlayerAuctions] The latest version 1.28.1 of PlayerAuctions has just been downloaded, restart for this to apply.
[10:40:04] [Thread-17/INFO]: [gg.playit.control.ChannelSetup] request queued, waiting 1 second before resend
[10:40:10] [Server thread/INFO]: [PlaceholderAPI] Successfully registered internal expansion: valiant [1.6.0]
[10:40:10] [Server thread/INFO]: [PlaceholderAPI] Successfully registered internal expansion: color [1.6.0]
[10:40:10] [Server thread/INFO]: [PlaceholderAPI] Successfully registered internal expansion: ui [1.6.0]
[10:40:10] [Server thread/INFO]: [Skript] All scripts loaded without errors.
[10:40:10] [Server thread/INFO]: [Skript] Loaded 27 scripts with a total of 382 structures in 7.66 seconds
[10:40:10] [Server thread/INFO]: [Skript] Finished loading.
[10:40:10] [Server thread/INFO]: [Essentials] Essentials found a compatible payment resolution method: Vault Compatibility Layer (v1.7.3-b131)!
[10:40:10] [Server thread/INFO]: [AuraSkills] Loaded 15 skills with 312 total sources
[10:40:10] [Server thread/INFO]: [AuraSkills] Loaded 9 stats and 17 traits
[10:40:10] [Server thread/INFO]: [AuraSkills] Loaded 30 pattern rewards and 0 level rewards
[10:40:10] [Server thread/INFO]: [AuraSkills] Loaded 32 loot entries in 4 pools and 2 tables
[10:40:11] [Server thread/INFO]: [AuraSkills] Loaded 6 menus
[10:40:11] [Server thread/INFO]: [BetonQuest] Enabled compatibility for LuckPerms, AuraSkills, Skript, DecentHolograms, PlaceholderAPI, WorldGuard, ProtocolLib, Citizens, FastAsyncWorldEdit, Vault!
[10:40:11] [Server thread/INFO]: [BetonQuest] There are 2 conditions, 307 events, 148 objectives and 0 conversations loaded from 4 packages.
[10:40:11] [Server thread/INFO]: [BetonQuest] §aReloaded 0§a menus
[10:40:11] [Server thread/INFO]: [PlaceholderAPI] Successfully registered internal expansion: pa [1.0.0]
[10:40:11] [Server thread/INFO]: [Citizens] Loaded 19 NPCs.
[10:40:11] [Server thread/INFO]: [CombatLogX] Successfully enabled 0 late-load expansions.
[10:40:11] [Server thread/INFO]: [PlaceholderAPI] Successfully registered external expansion: statistic [2.0.1]
[10:40:11] [Server thread/INFO]: [PlaceholderAPI] Successfully registered external expansion: player [2.0.4]
[10:40:11] [Server thread/INFO]: [PlaceholderAPI] Successfully registered external expansion: luckperms [5.4-R2]
[10:40:11] [Server thread/INFO]: [PlaceholderAPI] Successfully registered external expansion: utils [1.0.2]
[10:40:11] [Server thread/INFO]: [PlaceholderAPI] Successfully registered external expansion: localtime [1.2]
[10:40:11] [Server thread/INFO]: [PlaceholderAPI] Successfully registered external expansion: math [2.0.2]
[10:40:11] [Server thread/INFO]: [PlaceholderAPI] Successfully registered external expansion: essentials [1.5.2]
[10:40:11] [Server thread/INFO]: [PlaceholderAPI] Successfully registered external expansion: armor [1.0.0]
[10:40:11] [Server thread/INFO]: [PlaceholderAPI] Successfully registered external expansion: vault [1.8.1]
[10:40:11] [Server thread/INFO]: [PlaceholderAPI] Successfully registered external expansion: griefprevention [1.6.0]
[10:40:11] [Server thread/INFO]: 10 placeholder hook(s) registered! 4 placeholder hook(s) have an update available.
[10:40:11] [Server thread/INFO]: [PlaceholderAPI] An update for PlaceholderAPI (v2.11.6) is available at:
[10:40:11] [Server thread/INFO]: [PlaceholderAPI] https://www.spigotmc.org/resources/placeholderapi.6245/
[10:40:11] [Server thread/WARN]: [BestTools] *********************************************************
[10:40:11] [Server thread/WARN]: [BestTools] * There is a new version of BestTools available!
[10:40:11] [Server thread/WARN]: [BestTools] *  
[10:40:11] [Server thread/WARN]: [BestTools] * Your version:   2.2.1
[10:40:11] [Server thread/WARN]: [BestTools] * Latest version: 2.2.2
[10:40:11] [Server thread/WARN]: [BestTools] *  
[10:40:11] [Server thread/WARN]: [BestTools] * Please update to the newest version.
[10:40:11] [Server thread/WARN]: [BestTools] *  
[10:40:11] [Server thread/WARN]: [BestTools] * Download:
[10:40:11] [Server thread/WARN]: [BestTools] *   https://www.spigotmc.org/resources/besttools.81490/
[10:40:11] [Server thread/WARN]: [BestTools] *********************************************************
[10:40:11] [Server thread/INFO]: [LumberJack] You are using the latest version of LumberJack.
[10:40:11] [Server thread/INFO]: Done (47.341s)! For help, type "help"
[10:40:11] [Server thread/WARN]: Can't keep up! Is the server overloaded? Running 9160ms or 183 ticks behind
[10:40:11] [Server thread/INFO]: Timings Reset
[10:40:12] [Server thread/INFO]: [ProtocolLib] The updater found an update: 5.2.0 (Running 5.2.0-SNAPSHOT-679). Download at https://www.spigotmc.org/resources/protocollib.1997/
[10:40:26] [Server thread/INFO]: [Server] helo
[10:41:35] [Thread-17/INFO]: [gg.playit.minecraft.PlayitManager] got new client: NewClient{connectAddr=209.25.143.194:18706, peerAddr=180.249.184.43:29966, claimAddress=209.25.142.2:43784, claimToken=[44, 0, 60, -47, 25, -113, -62, 73, 18, -76, -7, -72, 43, 117, 14, 62, -128, -121, 91, -85, 8, 102, -82, 9, 95, 0, 0, 0, 0, 0, 7, 118, -122, 0, 0, 0, 0, 0, 51, 113, -8, -111, 91, -85, 8, 0, 0, 0, 0, 28, 0, 0, 0, 0, 0, 0, 0, 1, 0, 1, -72, 110, 14, 5, -34, -20, -59, 120, -75, 65, 64, 127, -41, 39, 94, 39], tunnelServerId=1, dataCenterId=28}
[10:41:35] [Thread-17/INFO]: [gg.playit.minecraft.PlayitManager] starting tcp tunnel for client
[10:41:35] [Thread-17/INFO]: [gg.playit.minecraft.PlayitTcpTunnel] start connection to /209.25.142.2:43784 to claim client
[10:41:35] [nioEventLoopGroup-2-1/INFO]: [gg.playit.minecraft.PlayitTcpTunnel] connected to tunnel server, sending claim token
[10:41:35] [nioEventLoopGroup-2-1/INFO]: [gg.playit.minecraft.PlayitTcpTunnel] claim token sent
[10:41:35] [nioEventLoopGroup-2-1/INFO]: [gg.playit.minecraft.PlayitTcpTunnel] connection to tunnel server has been established
[10:41:35] [nioEventLoopGroup-2-1/INFO]: [gg.playit.minecraft.PlayitTcpTunnel] Reflect: ReflectionHelper{ServerConnection=class net.minecraft.server.network.ServerConnection, LegacyPingHandler=class net.minecraft.server.network.LegacyPingHandler, MinecraftServer=class net.minecraft.server.MinecraftServer, PacketSplitter=class net.minecraft.network.PacketSplitter, PacketDecoder=class net.minecraft.network.PacketDecoder, EnumProtocolDirection=class net.minecraft.network.protocol.EnumProtocolDirection, PacketPrepender=class net.minecraft.network.PacketPrepender, PacketEncoder=class net.minecraft.network.PacketEncoder, NetworkManagerServer=class net.minecraft.network.NetworkManagerServer, NetworkManager=class net.minecraft.network.NetworkManager, HandshakeListener=class net.minecraft.server.network.HandshakeListener, PacketListener=interface net.minecraft.network.PacketListener, CraftServer=null}
[10:41:35] [nioEventLoopGroup-2-1/INFO]: [gg.playit.minecraft.PlayitTcpTunnel] failed to get Minecraft server from Bukkit.getServer()
[10:41:35] [nioEventLoopGroup-2-1/INFO]: [gg.playit.minecraft.PlayitTcpTunnel] connecting to minecraft server at localhost/127.0.0.1:25565
[10:41:35] [nioEventLoopGroup-2-2/INFO]: [gg.playit.minecraft.PlayitTcpTunnel] connected to local minecraft server
[10:41:35] [nioEventLoopGroup-2-2/WARN]: [io.netty.channel.DefaultChannelPipeline] An exceptionCaught() event was fired, and it reached at the tail of the pipeline. It usually means the last handler in the pipeline did not handle the exception.
java.net.SocketException: Connection reset
	at sun.nio.ch.SocketChannelImpl.throwConnectionReset(SocketChannelImpl.java:401) ~[?:?]
	at sun.nio.ch.SocketChannelImpl.read(SocketChannelImpl.java:434) ~[?:?]
	at io.netty.buffer.PooledByteBuf.setBytes(PooledByteBuf.java:254) ~[netty-buffer-4.1.97.Final.jar:4.1.97.Final]
	at io.netty.buffer.AbstractByteBuf.writeBytes(AbstractByteBuf.java:1132) ~[netty-buffer-4.1.97.Final.jar:4.1.97.Final]
	at io.netty.channel.socket.nio.NioSocketChannel.doReadBytes(NioSocketChannel.java:357) ~[netty-transport-4.1.97.Final.jar:4.1.97.Final]
	at io.netty.channel.nio.AbstractNioByteChannel$NioByteUnsafe.read(AbstractNioByteChannel.java:151) ~[netty-transport-4.1.97.Final.jar:4.1.97.Final]
	at io.netty.channel.nio.NioEventLoop.processSelectedKey(NioEventLoop.java:788) ~[netty-transport-4.1.97.Final.jar:4.1.97.Final]
	at io.netty.channel.nio.NioEventLoop.processSelectedKeysOptimized(NioEventLoop.java:724) ~[netty-transport-4.1.97.Final.jar:4.1.97.Final]
	at io.netty.channel.nio.NioEventLoop.processSelectedKeys(NioEventLoop.java:650) ~[netty-transport-4.1.97.Final.jar:4.1.97.Final]
	at io.netty.channel.nio.NioEventLoop.run(NioEventLoop.java:562) ~[netty-transport-4.1.97.Final.jar:4.1.97.Final]
	at io.netty.util.concurrent.SingleThreadEventExecutor$4.run(SingleThreadEventExecutor.java:997) ~[netty-common-4.1.97.Final.jar:4.1.97.Final]
	at io.netty.util.internal.ThreadExecutorMap$2.run(ThreadExecutorMap.java:74) ~[netty-common-4.1.97.Final.jar:4.1.97.Final]
	at io.netty.util.concurrent.FastThreadLocalRunnable.run(FastThreadLocalRunnable.java:30) ~[netty-common-4.1.97.Final.jar:4.1.97.Final]
	at java.lang.Thread.run(Thread.java:1583) ~[?:?]
[10:44:05] [Thread-17/INFO]: [gg.playit.control.ChannelSetup] send keep alive
[10:44:42] [Thread-17/INFO]: [gg.playit.minecraft.PlayitManager] got new client: NewClient{connectAddr=209.25.143.194:18706, peerAddr=180.249.184.43:33178, claimAddress=209.25.142.2:43784, claimToken=[44, 0, 60, -47, 25, -113, -62, 73, 18, -76, -7, -72, 43, -127, -102, 84, 116, -18, -83, -85, 8, 102, -82, 10, 26, 0, 0, 0, 0, 0, 7, 118, -122, 0, 0, 0, 0, 0, 51, 113, -8, -121, -83, -85, 8, 0, 0, 0, 0, 28, 0, 0, 0, 0, 0, 0, 0, 1, 0, 1, 115, 61, 11, -117, -101, 116, -29, -27, -7, 79, 9, -19, -125, -21, -33, -51], tunnelServerId=1, dataCenterId=28}
[10:44:42] [Thread-17/INFO]: [gg.playit.minecraft.PlayitManager] starting tcp tunnel for client
[10:44:42] [Thread-17/INFO]: [gg.playit.minecraft.PlayitTcpTunnel] start connection to /209.25.142.2:43784 to claim client
[10:44:42] [nioEventLoopGroup-2-3/INFO]: [gg.playit.minecraft.PlayitTcpTunnel] connected to tunnel server, sending claim token
[10:44:42] [nioEventLoopGroup-2-3/INFO]: [gg.playit.minecraft.PlayitTcpTunnel] claim token sent
[10:44:42] [nioEventLoopGroup-2-3/INFO]: [gg.playit.minecraft.PlayitTcpTunnel] connection to tunnel server has been established
[10:44:42] [nioEventLoopGroup-2-3/INFO]: [gg.playit.minecraft.PlayitTcpTunnel] Reflect: ReflectionHelper{ServerConnection=class net.minecraft.server.network.ServerConnection, LegacyPingHandler=class net.minecraft.server.network.LegacyPingHandler, MinecraftServer=class net.minecraft.server.MinecraftServer, PacketSplitter=class net.minecraft.network.PacketSplitter, PacketDecoder=class net.minecraft.network.PacketDecoder, EnumProtocolDirection=class net.minecraft.network.protocol.EnumProtocolDirection, PacketPrepender=class net.minecraft.network.PacketPrepender, PacketEncoder=class net.minecraft.network.PacketEncoder, NetworkManagerServer=class net.minecraft.network.NetworkManagerServer, NetworkManager=class net.minecraft.network.NetworkManager, HandshakeListener=class net.minecraft.server.network.HandshakeListener, PacketListener=interface net.minecraft.network.PacketListener, CraftServer=null}
[10:44:42] [nioEventLoopGroup-2-3/INFO]: [gg.playit.minecraft.PlayitTcpTunnel] failed to get Minecraft server from Bukkit.getServer()
[10:44:42] [nioEventLoopGroup-2-3/INFO]: [gg.playit.minecraft.PlayitTcpTunnel] connecting to minecraft server at localhost/127.0.0.1:25565
[10:44:42] [nioEventLoopGroup-2-4/INFO]: [gg.playit.minecraft.PlayitTcpTunnel] connected to local minecraft server
[10:44:43] [User Authenticator #0/INFO]: UUID of player vadeyourgh is 11d93da8-104b-3bde-bd89-c7a5e73e1b37
[10:45:54] [Server thread/INFO]: [NBTAPI] [NBTAPI] Found Spigot: v1_20_R3! Trying to find NMS support
[10:45:54] [Server thread/INFO]: [NBTAPI] [NBTAPI] NMS support 'MC1_20_R3' loaded!
[10:45:54] [Server thread/INFO]: [NBTAPI] [NBTAPI] Using the plugin 'CommandPanels' to create a bStats instance!
[10:45:54] [Server thread/INFO]: Set page to 1 for vadeyourgh
[10:45:54] [Server thread/INFO]: vadeyourgh, welcome to Leakit Server!
[10:45:54] [Server thread/INFO]: vadeyourgh[/127.0.0.1:49310] logged in with entity id 517 at ([world]6.5, 91.0, -7.5)
[10:45:55] [Server thread/INFO]: vadeyourgh lost connection: Please join again!
[10:45:55] [Server thread/INFO]: vadeyourgh left the server
[10:46:15] [Thread-17/INFO]: [gg.playit.minecraft.PlayitManager] got new client: NewClient{connectAddr=209.25.143.194:18706, peerAddr=180.249.184.43:4978, claimAddress=209.25.142.2:43784, claimToken=[44, 0, 60, -47, 25, -113, -62, 73, 18, -76, -7, -72, 43, 19, 114, -112, 93, -84, 11, -85, 8, 102, -82, 10, 119, 0, 0, 0, 0, 0, 7, 118, -122, 0, 0, 0, 0, 0, 51, 113, -8, -80, 11, -85, 8, 0, 0, 0, 0, 28, 0, 0, 0, 0, 0, 0, 0, 1, 0, 1, 105, 36, 103, 76, 89, 70, -1, -65, 40, 73, 122, -82, 8, -69, -40, 9], tunnelServerId=1, dataCenterId=28}
[10:46:15] [Thread-17/INFO]: [gg.playit.minecraft.PlayitManager] starting tcp tunnel for client
[10:46:15] [Thread-17/INFO]: [gg.playit.minecraft.PlayitTcpTunnel] start connection to /209.25.142.2:43784 to claim client
[10:46:15] [nioEventLoopGroup-2-1/INFO]: [gg.playit.minecraft.PlayitTcpTunnel] connected to tunnel server, sending claim token
[10:46:15] [nioEventLoopGroup-2-1/INFO]: [gg.playit.minecraft.PlayitTcpTunnel] claim token sent
[10:46:15] [nioEventLoopGroup-2-1/INFO]: [gg.playit.minecraft.PlayitTcpTunnel] connection to tunnel server has been established
[10:46:15] [nioEventLoopGroup-2-1/INFO]: [gg.playit.minecraft.PlayitTcpTunnel] Reflect: ReflectionHelper{ServerConnection=class net.minecraft.server.network.ServerConnection, LegacyPingHandler=class net.minecraft.server.network.LegacyPingHandler, MinecraftServer=class net.minecraft.server.MinecraftServer, PacketSplitter=class net.minecraft.network.PacketSplitter, PacketDecoder=class net.minecraft.network.PacketDecoder, EnumProtocolDirection=class net.minecraft.network.protocol.EnumProtocolDirection, PacketPrepender=class net.minecraft.network.PacketPrepender, PacketEncoder=class net.minecraft.network.PacketEncoder, NetworkManagerServer=class net.minecraft.network.NetworkManagerServer, NetworkManager=class net.minecraft.network.NetworkManager, HandshakeListener=class net.minecraft.server.network.HandshakeListener, PacketListener=interface net.minecraft.network.PacketListener, CraftServer=null}
[10:46:15] [nioEventLoopGroup-2-1/INFO]: [gg.playit.minecraft.PlayitTcpTunnel] failed to get Minecraft server from Bukkit.getServer()
[10:46:15] [nioEventLoopGroup-2-1/INFO]: [gg.playit.minecraft.PlayitTcpTunnel] connecting to minecraft server at localhost/127.0.0.1:25565
[10:46:15] [nioEventLoopGroup-2-2/INFO]: [gg.playit.minecraft.PlayitTcpTunnel] connected to local minecraft server
[10:46:15] [User Authenticator #1/INFO]: UUID of player vadeyourgh is 11d93da8-104b-3bde-bd89-c7a5e73e1b37
[10:46:17] [Server thread/INFO]: vadeyourgh joined the server
[10:46:17] [Server thread/INFO]: vadeyourgh[/127.0.0.1:57460] logged in with entity id 519 at ([spawn]752.5, 70.88432118638502, 912.5)
[10:46:21] [Server thread/WARN]: [org.bukkit.craftbukkit.v1_20_R3.legacy.CraftLegacy] Initializing Legacy Material Support. Unless you have legacy plugins and/or data this is a bug!
[10:46:27] [Server thread/INFO]: Panel Opened for vadeyourgh
[10:46:30] [Server thread/INFO]: vadeyourgh has made the advancement [Getting an Upgrade]
[10:46:34] [Server thread/INFO]: vadeyourgh issued server command: /dailyrewards
[10:46:46] [Server thread/INFO]: vadeyourgh issued server command: /skin
[10:47:14] [Server thread/INFO]: [Essentials] CONSOLE issued server command: /eco give vadeyourgh 200
[10:47:14] [Server thread/INFO]: Panel Opened for vadeyourgh
[10:48:06] [Thread-17/INFO]: [gg.playit.control.ChannelSetup] send keep alive
[10:48:13] [Server thread/INFO]: Panel Opened for vadeyourgh
[10:48:16] [Server thread/INFO]: Panel Opened for vadeyourgh
[10:48:51] [Server thread/INFO]: vadeyourgh issued server command: /staff
[10:49:01] [Server thread/INFO]: vadeyourgh issued server command: /help
[10:49:42] [Server thread/INFO]: vadeyourgh issued server command: /cp premium_store
[10:49:46] [Server thread/INFO]: vadeyourgh issued server command: /cp rank_hero
[10:50:27] [Server thread/INFO]: vadeyourgh issued server command: /cp miners
[10:51:44] [Server thread/INFO]: Nothing changed. The player already is an operator
[10:51:48] [Server thread/INFO]: Made vadeyourgh a server operator
[10:51:56] [Server thread/INFO]: vadeyourgh issued server command: /randomtp
[10:52:06] [Thread-17/INFO]: [gg.playit.control.ChannelSetup] send keep alive
[10:52:36] [Server thread/INFO]: Villager EntityVillager['Villager'/594, uuid='41b0efd2-0800-42b4-bb03-e17fed418d05', l='ServerLevel[world]', x=1197.37, y=63.56, z=1140.72, cpos=[74, 71], tl=191, v=true] died, message: 'Villager suffocated in a wall'
[10:52:39] [Server thread/INFO]: Villager EntityVillager['Villager'/583, uuid='399c6b87-dd72-4221-a874-07f45c37a1bb', l='ServerLevel[world]', x=1139.72, y=71.50, z=1144.63, cpos=[71, 71], tl=191, v=true] died, message: 'Villager suffocated in a wall'
[10:52:53] [Server thread/INFO]: [CombatLogX] Using non-NMS Paper EntityHandler
[10:53:22] [Server thread/INFO]: vadeyourgh has made the advancement [Monster Hunter]
[10:53:31] [Server thread/INFO]: ☠ vadeyourgh was blown up by Creeper
[10:53:37] [Server thread/INFO]:  Unknown command. Type "/help" for help.
[10:53:46] [Thread-17/INFO]: [gg.playit.minecraft.PlayitManager] got new client: NewClient{connectAddr=209.25.143.194:18706, peerAddr=180.249.184.43:18810, claimAddress=209.25.142.2:43784, claimToken=[44, 0, 60, -47, 25, -113, -62, 73, 18, -76, -7, -72, 43, 73, 122, -100, -65, -4, -24, -85, 8, 102, -82, 12, 58, 0, 0, 0, 0, 0, 7, 118, -122, 0, 0, 0, 0, 0, 51, 113, -8, -51, -24, -85, 8, 0, 0, 0, 0, 28, 0, 0, 0, 0, 0, 0, 0, 1, 0, 1, -91, 81, -61, 24, 119, -87, -62, 20, -39, -10, -109, -110, 79, -112, -41, -38], tunnelServerId=1, dataCenterId=28}
[10:53:46] [Thread-17/INFO]: [gg.playit.minecraft.PlayitManager] starting tcp tunnel for client
[10:53:46] [Thread-17/INFO]: [gg.playit.minecraft.PlayitTcpTunnel] start connection to /209.25.142.2:43784 to claim client
[10:53:46] [nioEventLoopGroup-2-3/INFO]: [gg.playit.minecraft.PlayitTcpTunnel] connected to tunnel server, sending claim token
[10:53:46] [nioEventLoopGroup-2-3/INFO]: [gg.playit.minecraft.PlayitTcpTunnel] claim token sent
[10:53:46] [nioEventLoopGroup-2-3/INFO]: [gg.playit.minecraft.PlayitTcpTunnel] connection to tunnel server has been established
[10:53:46] [nioEventLoopGroup-2-3/INFO]: [gg.playit.minecraft.PlayitTcpTunnel] Reflect: ReflectionHelper{ServerConnection=class net.minecraft.server.network.ServerConnection, LegacyPingHandler=class net.minecraft.server.network.LegacyPingHandler, MinecraftServer=class net.minecraft.server.MinecraftServer, PacketSplitter=class net.minecraft.network.PacketSplitter, PacketDecoder=class net.minecraft.network.PacketDecoder, EnumProtocolDirection=class net.minecraft.network.protocol.EnumProtocolDirection, PacketPrepender=class net.minecraft.network.PacketPrepender, PacketEncoder=class net.minecraft.network.PacketEncoder, NetworkManagerServer=class net.minecraft.network.NetworkManagerServer, NetworkManager=class net.minecraft.network.NetworkManager, HandshakeListener=class net.minecraft.server.network.HandshakeListener, PacketListener=interface net.minecraft.network.PacketListener, CraftServer=null}
[10:53:46] [nioEventLoopGroup-2-3/INFO]: [gg.playit.minecraft.PlayitTcpTunnel] failed to get Minecraft server from Bukkit.getServer()
[10:53:46] [nioEventLoopGroup-2-3/INFO]: [gg.playit.minecraft.PlayitTcpTunnel] connecting to minecraft server at localhost/127.0.0.1:25565
[10:53:46] [nioEventLoopGroup-2-4/INFO]: [gg.playit.minecraft.PlayitTcpTunnel] connected to local minecraft server
[10:53:46] [User Authenticator #2/INFO]: UUID of player vadeyourgh is 11d93da8-104b-3bde-bd89-c7a5e73e1b37
[10:53:47] [Server thread/INFO]: vadeyourgh lost connection: You logged in from another location
[10:53:47] [Server thread/INFO]: vadeyourgh left the server
[10:53:47] [Server thread/WARN]: [LuckPerms] An exception was thrown by org.betonquest.betonquest.compatibility.luckperms.TagCalculatorUtils$$Lambda/0x000078cf79f23b30 whilst calculating the context of subject CraftPlayer{name=vadeyourgh}
java.lang.IllegalArgumentException: The profile has no online player!
	at org.betonquest.betonquest.BetonQuest.getPlayerData(BetonQuest.java:804) ~[BetonQuest.jar:?]
	at org.betonquest.betonquest.BetonQuest.getPlayerData(BetonQuest.java:785) ~[BetonQuest.jar:?]
	at org.betonquest.betonquest.compatibility.luckperms.TagCalculatorUtils.lambda$getTagContextCalculator$2(TagCalculatorUtils.java:36) ~[BetonQuest.jar:?]
	at me.lucko.luckperms.common.context.manager.ContextManager.callContextCalculator(ContextManager.java:138) ~[?:?]
	at me.lucko.luckperms.common.context.manager.ContextManager.calculate(ContextManager.java:157) ~[?:?]
	at me.lucko.luckperms.common.context.manager.QueryOptionsCache.supply(QueryOptionsCache.java:52) ~[?:?]
	at me.lucko.luckperms.common.context.manager.QueryOptionsCache.supply(QueryOptionsCache.java:40) ~[?:?]
	at me.lucko.luckperms.common.cache.ExpiringCache.get(ExpiringCache.java:64) ~[?:?]
	at me.lucko.luckperms.common.context.manager.QueryOptionsCache.getQueryOptions(QueryOptionsCache.java:57) ~[?:?]
	at me.lucko.luckperms.bukkit.inject.permissible.LuckPermsPermissible.hasPermission(LuckPermsPermissible.java:172) ~[?:?]
	at org.bukkit.craftbukkit.v1_20_R3.entity.CraftHumanEntity.hasPermission(CraftHumanEntity.java:234) ~[paper-1.20.4.jar:git-Paper-497]
	at ch.njol.skript.conditions.CondPermission.lambda$check$0(CondPermission.java:73) ~[Skript.jar:?]
	at ch.njol.skript.lang.util.SimpleExpression.check(SimpleExpression.java:162) ~[Skript.jar:?]
	at ch.njol.skript.lang.VariableString.check(VariableString.java:683) ~[Skript.jar:?]
	at ch.njol.skript.conditions.CondPermission.lambda$check$1(CondPermission.java:71) ~[Skript.jar:?]
	at ch.njol.skript.lang.util.SimpleExpression.check(SimpleExpression.java:162) ~[Skript.jar:?]
	at ch.njol.skript.lang.Variable.check(Variable.java:707) ~[Skript.jar:?]
	at ch.njol.skript.conditions.CondPermission.check(CondPermission.java:70) ~[Skript.jar:?]
	at ch.njol.skript.sections.SecConditional.lambda$checkConditions$1(SecConditional.java:384) ~[Skript.jar:?]
	at java.util.stream.MatchOps$1MatchSink.accept(MatchOps.java:90) ~[?:?]
	at java.util.ArrayList$ArrayListSpliterator.tryAdvance(ArrayList.java:1685) ~[?:?]
	at java.util.stream.ReferencePipeline.forEachWithCancel(ReferencePipeline.java:129) ~[?:?]
	at java.util.stream.AbstractPipeline.copyIntoWithCancel(AbstractPipeline.java:527) ~[?:?]
	at java.util.stream.AbstractPipeline.copyInto(AbstractPipeline.java:513) ~[?:?]
	at java.util.stream.AbstractPipeline.wrapAndCopyInto(AbstractPipeline.java:499) ~[?:?]
	at java.util.stream.MatchOps$MatchOp.evaluateSequential(MatchOps.java:230) ~[?:?]
	at java.util.stream.MatchOps$MatchOp.evaluateSequential(MatchOps.java:196) ~[?:?]
	at java.util.stream.AbstractPipeline.evaluate(AbstractPipeline.java:234) ~[?:?]
	at java.util.stream.ReferencePipeline.allMatch(ReferencePipeline.java:637) ~[?:?]
	at ch.njol.skript.sections.SecConditional.checkConditions(SecConditional.java:384) ~[Skript.jar:?]
	at ch.njol.skript.sections.SecConditional.walk(SecConditional.java:286) ~[Skript.jar:?]
	at ch.njol.skript.lang.TriggerItem.walk(TriggerItem.java:88) ~[Skript.jar:?]
	at ch.njol.skript.effects.Delay.lambda$walk$0(Delay.java:107) ~[Skript.jar:?]
	at org.bukkit.craftbukkit.v1_20_R3.scheduler.CraftTask.run(CraftTask.java:101) ~[paper-1.20.4.jar:git-Paper-497]
	at org.bukkit.craftbukkit.v1_20_R3.scheduler.CraftScheduler.mainThreadHeartbeat(CraftScheduler.java:482) ~[paper-1.20.4.jar:git-Paper-497]
	at net.minecraft.server.MinecraftServer.tickChildren(MinecraftServer.java:1646) ~[paper-1.20.4.jar:git-Paper-497]
	at net.minecraft.server.dedicated.DedicatedServer.tickChildren(DedicatedServer.java:447) ~[paper-1.20.4.jar:git-Paper-497]
	at net.minecraft.server.MinecraftServer.tickServer(MinecraftServer.java:1525) ~[paper-1.20.4.jar:git-Paper-497]
	at net.minecraft.server.MinecraftServer.runServer(MinecraftServer.java:1226) ~[paper-1.20.4.jar:git-Paper-497]
	at net.minecraft.server.MinecraftServer.lambda$spin$0(MinecraftServer.java:319) ~[paper-1.20.4.jar:git-Paper-497]
	at java.lang.Thread.run(Thread.java:1583) ~[?:?]
[10:53:48] [Server thread/INFO]: vadeyourgh joined the server
[10:53:48] [Server thread/INFO]: vadeyourgh[/127.0.0.1:55312] logged in with entity id 1086 at ([world]1187.098869857967, 70.0, 1188.6087970372785)
[10:54:09] [Server thread/INFO]: vadeyourgh issued server command: /warpinfo
[10:54:19] [Server thread/INFO]: vadeyourgh issued server command: /back
[10:54:38] [Thread-17/INFO]: [gg.playit.minecraft.PlayitManager] got new client: NewClient{connectAddr=209.25.143.194:18706, peerAddr=180.249.184.43:5381, claimAddress=209.25.142.2:43784, claimToken=[44, 0, 60, -47, 25, -113, -62, 73, 18, -76, -7, -72, 43, 21, 5, 112, 88, -83, -1, -85, 8, 102, -82, 12, 110, 0, 0, 0, 0, 0, 7, 118, -122, 0, 0, 0, 0, 0, 51, 113, -8, 15, -1, -85, 8, 0, 0, 0, 0, 28, 0, 0, 0, 0, 0, 0, 0, 1, 0, 1, -127, 56, 25, -22, -24, 109, 15, 88, 13, -31, -28, -66, -97, -88, 81, -51], tunnelServerId=1, dataCenterId=28}
[10:54:38] [Thread-17/INFO]: [gg.playit.minecraft.PlayitManager] starting tcp tunnel for client
[10:54:38] [Thread-17/INFO]: [gg.playit.minecraft.PlayitTcpTunnel] start connection to /209.25.142.2:43784 to claim client
[10:54:38] [nioEventLoopGroup-2-1/INFO]: [gg.playit.minecraft.PlayitTcpTunnel] connected to tunnel server, sending claim token
[10:54:38] [nioEventLoopGroup-2-1/INFO]: [gg.playit.minecraft.PlayitTcpTunnel] claim token sent
[10:54:38] [nioEventLoopGroup-2-1/INFO]: [gg.playit.minecraft.PlayitTcpTunnel] connection to tunnel server has been established
[10:54:38] [nioEventLoopGroup-2-1/INFO]: [gg.playit.minecraft.PlayitTcpTunnel] Reflect: ReflectionHelper{ServerConnection=class net.minecraft.server.network.ServerConnection, LegacyPingHandler=class net.minecraft.server.network.LegacyPingHandler, MinecraftServer=class net.minecraft.server.MinecraftServer, PacketSplitter=class net.minecraft.network.PacketSplitter, PacketDecoder=class net.minecraft.network.PacketDecoder, EnumProtocolDirection=class net.minecraft.network.protocol.EnumProtocolDirection, PacketPrepender=class net.minecraft.network.PacketPrepender, PacketEncoder=class net.minecraft.network.PacketEncoder, NetworkManagerServer=class net.minecraft.network.NetworkManagerServer, NetworkManager=class net.minecraft.network.NetworkManager, HandshakeListener=class net.minecraft.server.network.HandshakeListener, PacketListener=interface net.minecraft.network.PacketListener, CraftServer=null}
[10:54:38] [nioEventLoopGroup-2-1/INFO]: [gg.playit.minecraft.PlayitTcpTunnel] failed to get Minecraft server from Bukkit.getServer()
[10:54:38] [nioEventLoopGroup-2-1/INFO]: [gg.playit.minecraft.PlayitTcpTunnel] connecting to minecraft server at localhost/127.0.0.1:25565
[10:54:38] [nioEventLoopGroup-2-2/INFO]: [gg.playit.minecraft.PlayitTcpTunnel] connected to local minecraft server
[10:54:39] [User Authenticator #2/INFO]: UUID of player vadeyourgh is 11d93da8-104b-3bde-bd89-c7a5e73e1b37
[10:54:39] [Server thread/INFO]: vadeyourgh lost connection: You logged in from another location
[10:54:39] [Server thread/INFO]: vadeyourgh left the server
[10:54:40] [Server thread/INFO]: vadeyourgh joined the server
[10:54:40] [Server thread/INFO]: vadeyourgh[/127.0.0.1:58520] logged in with entity id 1102 at ([spawn]0.5, -32.0, 6.5)
[10:55:06] [Server thread/INFO]: vadeyourgh issued server command: /rtpreload
[10:55:10] [Server thread/INFO]: vadeyourgh issued server command: /rtp
[10:55:24] [Tuinity Chunk System Worker #0/ERROR]: Hanging entity at invalid position: BlockPosition{x=203, y=48, z=159}
[10:55:42] [Server thread/INFO]: vadeyourgh has made the advancement [Cover Me with Diamonds]
[10:56:08] [Thread-17/INFO]: [gg.playit.control.ChannelSetup] send keep alive
[10:56:39] [Server thread/INFO]: vadeyourgh issued server command: /bt
[10:57:40] [Server thread/INFO]: vadeyourgh issued server command: /day
[10:58:35] [Server thread/INFO]: vadeyourgh has made the advancement [Stone Age]
[10:59:42] [Server thread/INFO]: vadeyourgh issued server command: /gamerule keepInventory
[10:59:50] [Server thread/INFO]: vadeyourgh issued server command: /spawn
[11:00:05] [Server thread/INFO]: vadeyourgh issued server command: /lp editor
[11:00:09] [Thread-17/INFO]: [gg.playit.control.ChannelSetup] send keep alive
[11:00:38] [Server thread/INFO]: vadeyourgh lost connection: Timed out
[11:00:38] [Server thread/INFO]: vadeyourgh left the server
[11:00:54] [Server thread/INFO]:  Unknown command. Type "/help" for help.
[11:00:59] [Server thread/INFO]: TPS from last 1m, 5m, 15m: 20.0, 20.0, 20.0
[11:01:38] [Server thread/INFO]:  Unknown command. Type "/help" for help.
[11:01:40] [Server thread/INFO]: TPS from last 1m, 5m, 15m: 20.0, 20.0, 20.0
[11:01:42] [Server thread/INFO]: Error: You can only use that command in game
[11:04:09] [Thread-17/INFO]: [gg.playit.control.ChannelSetup] send keep alive
